<?xml version="1.0" encoding="UTF-8"?>
<testsuite xmlns:xsi="http://www.w3.org/2001/XMLSchema-instance" xsi:noNamespaceSchemaLocation="https://maven.apache.org/surefire/maven-surefire-plugin/xsd/surefire-test-report-3.0.xsd" version="3.0" name="com.aclass.r2sshop_ecommerce.R2SshopECommerceApplicationTests" time="9.451" tests="1" errors="0" skipped="0" failures="0">
  <properties>
[...]
</properties>
  <testcase name="contextLoads" classname="com.aclass.r2sshop_ecommerce.R2SshopECommerceApplicationTests" time="0.638">
    <system-out><![CDATA[20:55:54.898 [main] INFO org.springframework.test.context.support.AnnotationConfigContextLoaderUtils -- Could not detect default configuration classes for test class [com.aclass.r2sshop_ecommerce.R2SshopECommerceApplicationTests]: R2SshopECommerceApplicationTests does not declare any static, non-private, non-final, nested classes annotated with @Configuration.
20:55:55.030 [main] INFO org.springframework.boot.test.context.SpringBootTestContextBootstrapper -- Found @SpringBootConfiguration com.aclass.r2sshop_ecommerce.R2SshopECommerceApplication for test class com.aclass.r2sshop_ecommerce.R2SshopECommerceApplicationTests

  .   ____          _            __ _ _
 /\\ / ___'_ __ _ _(_)_ __  __ _ \ \ \ \
( ( )\___ | '_ | '_| | '_ \/ _` | \ \ \ \
 \\/  ___)| |_)| | | | | || (_| |  ) ) ) )
  '  |____| .__|_| |_|_| |_\__, | / / / /
 =========|_|==============|___/=/_/_/_/
 :: Spring Boot ::                (v3.2.0)

2024-05-05T20:55:55.547+07:00  INFO 21872 --- [           main] c.a.r.R2SshopECommerceApplicationTests   : Starting R2SshopECommerceApplicationTests using Java 17.0.9 with PID 21872 (started by Admin in C:\Users\Admin\VIP\Máy tính\CacCNLaptrinh\ORM-java\R2S-ecommerce)
2024-05-05T20:55:55.548+07:00  INFO 21872 --- [           main] c.a.r.R2SshopECommerceApplicationTests   : No active profile set, falling back to 1 default profile: "default"
2024-05-05T20:55:56.874+07:00  INFO 21872 --- [           main] .s.d.r.c.RepositoryConfigurationDelegate : Bootstrapping Spring Data JPA repositories in DEFAULT mode.
2024-05-05T20:55:57.133+07:00  INFO 21872 --- [           main] .s.d.r.c.RepositoryConfigurationDelegate : Finished Spring Data repository scanning in 248 ms. Found 10 JPA repository interfaces.
2024-05-05T20:55:57.873+07:00  INFO 21872 --- [           main] o.hibernate.jpa.internal.util.LogHelper  : HHH000204: Processing PersistenceUnitInfo [name: default]
2024-05-05T20:55:58.037+07:00  INFO 21872 --- [           main] org.hibernate.Version                    : HHH000412: Hibernate ORM core version 6.3.1.Final
2024-05-05T20:55:58.117+07:00  INFO 21872 --- [           main] o.h.c.internal.RegionFactoryInitiator    : HHH000026: Second-level cache disabled
2024-05-05T20:55:58.587+07:00  INFO 21872 --- [           main] o.s.o.j.p.SpringPersistenceUnitInfo      : No LoadTimeWeaver setup: ignoring JPA class transformer
2024-05-05T20:55:58.626+07:00  INFO 21872 --- [           main] com.zaxxer.hikari.HikariDataSource       : HikariPool-1 - Starting...
2024-05-05T20:55:59.135+07:00  INFO 21872 --- [           main] com.zaxxer.hikari.pool.HikariPool        : HikariPool-1 - Added connection com.mysql.cj.jdbc.ConnectionImpl@211da640
2024-05-05T20:55:59.139+07:00  INFO 21872 --- [           main] com.zaxxer.hikari.HikariDataSource       : HikariPool-1 - Start completed.
2024-05-05T20:56:00.443+07:00  INFO 21872 --- [           main] o.h.e.t.j.p.i.JtaPlatformInitiator       : HHH000489: No JTA platform available (set 'hibernate.transaction.jta.platform' to enable JTA platform integration)
2024-05-05T20:56:00.616+07:00  INFO 21872 --- [           main] j.LocalContainerEntityManagerFactoryBean : Initialized JPA EntityManagerFactory for persistence unit 'default'
2024-05-05T20:56:01.092+07:00  INFO 21872 --- [           main] o.s.d.j.r.query.QueryEnhancerFactory     : Hibernate is in classpath; If applicable, HQL parser will be used.
2024-05-05T20:56:01.775+07:00  WARN 21872 --- [           main] o.s.aop.framework.CglibAopProxy          : Unable to proxy interface-implementing method [public final void org.springframework.web.filter.OncePerRequestFilter.doFilter(jakarta.servlet.ServletRequest,jakarta.servlet.ServletResponse,jakarta.servlet.FilterChain) throws jakarta.servlet.ServletException,java.io.IOException] because it is marked as final, consider using interface-based JDK proxies instead.
2024-05-05T20:56:01.775+07:00  WARN 21872 --- [           main] o.s.aop.framework.CglibAopProxy          : Unable to proxy interface-implementing method [public final void org.springframework.web.filter.GenericFilterBean.init(jakarta.servlet.FilterConfig) throws jakarta.servlet.ServletException] because it is marked as final, consider using interface-based JDK proxies instead.
2024-05-05T20:56:02.756+07:00  INFO 21872 --- [           main] o.s.s.web.DefaultSecurityFilterChain     : Will secure any request with [org.springframework.security.web.session.DisableEncodeUrlFilter@3828f303, org.springframework.security.web.context.request.async.WebAsyncManagerIntegrationFilter@3c7b89ae, org.springframework.security.web.context.SecurityContextHolderFilter@11225084, org.springframework.security.web.header.HeaderWriterFilter@16f108a4, org.springframework.web.filter.CorsFilter@1723640f, org.springframework.security.web.authentication.logout.LogoutFilter@75d70348, com.aclass.r2sshop_ecommerce.filters.RequestFilter@260f8704, org.springframework.security.web.savedrequest.RequestCacheAwareFilter@6d48f1c, org.springframework.security.web.servletapi.SecurityContextHolderAwareRequestFilter@6f49a5f8, org.springframework.security.web.authentication.AnonymousAuthenticationFilter@22876aea, org.springframework.security.web.session.SessionManagementFilter@30865a1, org.springframework.security.web.access.ExceptionTranslationFilter@6ec2be63, org.springframework.security.web.access.intercept.AuthorizationFilter@3d872a12]
2024-05-05T20:56:03.487+07:00  INFO 21872 --- [           main] c.a.r.R2SshopECommerceApplicationTests   : Started R2SshopECommerceApplicationTests in 8.255 seconds (process running for 9.439)
]]></system-out>
  </testcase>
</testsuite>